<?xml version="1.0" encoding="UTF-8"?>
<testsuite name="triangles.TrianglesTest" tests="13" skipped="0" failures="0" errors="0" timestamp="2020-07-26T22:50:19" hostname="DESKTOP-AEKIPR7" time="0.301">
  <properties/>
  <testcase name="canTriangleBeConstructedReturnsTrueWhenItCanBe()" classname="triangles.TrianglesTest" time="0.229"/>
  <testcase name="isIsoscelesTriangleReturnsTrueWhenItIs()" classname="triangles.TrianglesTest" time="0.004"/>
  <testcase name="isRightTriangleReturnsTrueWhenItIs()" classname="triangles.TrianglesTest" time="0.003"/>
  <testcase name="threeEqualSidesIsAnEquilateralTriangle()" classname="triangles.TrianglesTest" time="0.012"/>
  <testcase name="threeSidesCanMakeScaleneTriangle()" classname="triangles.TrianglesTest" time="0.003"/>
  <testcase name="twoEqualSidesIsAnIsoscelesTriangle()" classname="triangles.TrianglesTest" time="0.003"/>
  <testcase name="canTriangleBeConstructedReturnsFalseWhenItCanNotBe()" classname="triangles.TrianglesTest" time="0.004"/>
  <testcase name="isEquilateralTriangleReturnsTrueWhenItIs()" classname="triangles.TrianglesTest" time="0.002"/>
  <testcase name="threeSidesThatCannotMakeTriangle()" classname="triangles.TrianglesTest" time="0.002"/>
  <testcase name="isEquilateralTriangleReturnsFalseWhenItIsNot()" classname="triangles.TrianglesTest" time="0.002"/>
  <testcase name="isIsoscelesTriangleReturnsFalseWhenItIsNot()" classname="triangles.TrianglesTest" time="0.002"/>
  <testcase name="isRightTriangleReturnsFalseWhenItIsNot()" classname="triangles.TrianglesTest" time="0.002"/>
  <testcase name="threeSidesCanMakeRightTriangle()" classname="triangles.TrianglesTest" time="0.001"/>
  <system-out><![CDATA[]]></system-out>
  <system-err><![CDATA[]]></system-err>
</testsuite>
